#! /usr/bin/vvp
:ivl_version "11.0 (stable)";
:ivl_delay_selection "TYPICAL";
:vpi_time_precision - 12;
:vpi_module "/usr/lib/x86_64-linux-gnu/ivl/system.vpi";
:vpi_module "/usr/lib/x86_64-linux-gnu/ivl/vhdl_sys.vpi";
:vpi_module "/usr/lib/x86_64-linux-gnu/ivl/vhdl_textio.vpi";
:vpi_module "/usr/lib/x86_64-linux-gnu/ivl/v2005_math.vpi";
:vpi_module "/usr/lib/x86_64-linux-gnu/ivl/va_math.vpi";
S_0x5f18384691f0 .scope module, "tb_nr_stage" "tb_nr_stage" 2 3;
 .timescale -9 -12;
P_0x5f1838454910 .param/l "N" 0 2 5, +C4<00000000000000000000000000001000>;
P_0x5f1838454950 .param/l "W" 0 2 6, +C4<0000000000000000000000000000000000000000000000000000000000010000>;
v0x5f1838480780_0 .var "a", 15 0;
v0x5f1838480860_0 .var "clk", 0 0;
v0x5f1838480900_0 .var "x_in", 15 0;
v0x5f1838480a00_0 .net "x_out", 15 0, v0x5f1838480380_0;  1 drivers
S_0x5f183842bcf0 .scope module, "dut" "NR_stage" 2 18, 3 3 0, S_0x5f18384691f0;
 .timescale -9 -12;
    .port_info 0 /INPUT 1 "clk";
    .port_info 1 /INPUT 16 "x_in";
    .port_info 2 /INPUT 16 "a";
    .port_info 3 /OUTPUT 16 "x_out";
P_0x5f18384693d0 .param/l "N" 0 3 3, +C4<00000000000000000000000000001000>;
P_0x5f1838469410 .param/l "W" 0 3 3, +C4<0000000000000000000000000000000000000000000000000000000000010000>;
L_0x5f18384566d0 .functor BUFZ 16, L_0x5f1838480d10, C4<0000000000000000>, C4<0000000000000000>, C4<0000000000000000>;
L_0x5f1838491060 .functor BUFZ 16, L_0x5f1838491170, C4<0000000000000000>, C4<0000000000000000>, C4<0000000000000000>;
L_0x7e2311634060 .functor BUFT 1, C4<0000001100000000>, C4<0>, C4<0>, C4<0>;
v0x5f183842c050_0 .net/2u *"_ivl_12", 15 0, L_0x7e2311634060;  1 drivers
v0x5f183847fb90_0 .net *"_ivl_2", 14 0, L_0x5f1838480ad0;  1 drivers
L_0x7e2311634018 .functor BUFT 1, C4<0>, C4<0>, C4<0>, C4<0>;
v0x5f183847fc70_0 .net *"_ivl_4", 0 0, L_0x7e2311634018;  1 drivers
v0x5f183847fd30_0 .net "a", 15 0, v0x5f1838480780_0;  1 drivers
v0x5f183847fe10_0 .net "ax2", 15 0, L_0x5f1838480e40;  1 drivers
v0x5f183847ff40_0 .net "clk", 0 0, v0x5f1838480860_0;  1 drivers
v0x5f1838480000_0 .net "three_minus_ax2", 15 0, L_0x5f1838490fc0;  1 drivers
v0x5f18384800e0_0 .net "x_final", 15 0, L_0x5f1838491060;  1 drivers
v0x5f18384801c0_0 .net "x_half", 15 0, L_0x5f1838480ba0;  1 drivers
v0x5f18384802a0_0 .net "x_in", 15 0, v0x5f1838480900_0;  1 drivers
v0x5f1838480380_0 .var "x_out", 15 0;
v0x5f1838480460_0 .net "x_squared", 15 0, L_0x5f1838480d10;  1 drivers
v0x5f1838480540_0 .net "x_squared_trunc", 15 0, L_0x5f18384566d0;  1 drivers
v0x5f1838480620_0 .net "x_times_three_minus_ax2", 15 0, L_0x5f1838491170;  1 drivers
E_0x5f1838465eb0 .event posedge, v0x5f183847ff40_0;
L_0x5f1838480ad0 .part v0x5f1838480900_0, 1, 15;
L_0x5f1838480ba0 .concat [ 15 1 0 0], L_0x5f1838480ad0, L_0x7e2311634018;
L_0x5f1838480d10 .arith/mult 16, v0x5f1838480900_0, v0x5f1838480900_0;
L_0x5f1838480e40 .arith/mult 16, v0x5f1838480780_0, L_0x5f18384566d0;
L_0x5f1838490fc0 .arith/sub 16, L_0x7e2311634060, L_0x5f1838480e40;
L_0x5f1838491170 .arith/mult 16, v0x5f1838480900_0, L_0x5f1838490fc0;
    .scope S_0x5f183842bcf0;
T_0 ;
    %wait E_0x5f1838465eb0;
    %load/vec4 v0x5f18384800e0_0;
    %load/vec4 v0x5f18384801c0_0;
    %mul;
    %assign/vec4 v0x5f1838480380_0, 0;
    %jmp T_0;
    .thread T_0;
    .scope S_0x5f18384691f0;
T_1 ;
    %pushi/vec4 0, 0, 1;
    %store/vec4 v0x5f1838480860_0, 0, 1;
T_1.0 ;
    %delay 5000, 0;
    %load/vec4 v0x5f1838480860_0;
    %inv;
    %store/vec4 v0x5f1838480860_0, 0, 1;
    %jmp T_1.0;
    %end;
    .thread T_1;
    .scope S_0x5f18384691f0;
T_2 ;
    %pushi/vec4 1024, 0, 16;
    %store/vec4 v0x5f1838480780_0, 0, 16;
    %pushi/vec4 102, 0, 16;
    %store/vec4 v0x5f1838480900_0, 0, 16;
    %delay 100000, 0;
    %vpi_call 2 34 "$display", "TEST 1 (a=4.0, x_in=0.4): x_out = %d, Expected: 128", v0x5f1838480a00_0 {0 0 0};
    %vpi_call 2 54 "$finish" {0 0 0};
    %end;
    .thread T_2;
    .scope S_0x5f18384691f0;
T_3 ;
    %vpi_call 2 58 "$dumpfile", "nr_wave.vcd" {0 0 0};
    %vpi_call 2 59 "$dumpvars", 32'sb00000000000000000000000000000000, S_0x5f18384691f0 {0 0 0};
    %end;
    .thread T_3;
# The file index is used to find the file name in the following table.
:file_names 4;
    "N/A";
    "<interactive>";
    "sim/tb_nr_stage.v";
    "rtl/NR_stage.v";
